<?xml version="1.0" encoding="UTF-8"?>
<!-- Generated by org.testng.reporters.JUnitReportReporter -->
<testsuite hostname="DESKTOP-H7Q0JRS" failures="0" tests="4" name="testcases.TC01_Login" time="3.473" errors="0" timestamp="2024-01-26T01:49:21 EET" skipped="0">
  <testcase classname="testcases.TC01_Login" name="loginWithValidData_P" time="2.103"/>
  <system-out/>
  <testcase classname="testcases.TC01_Login" name="loginWithInvalidData_N" time="0.461"/>
  <system-out/>
  <testcase classname="testcases.TC01_Login" name="loginWithValidEmail_N" time="0.413"/>
  <system-out/>
  <testcase classname="testcases.TC01_Login" name="loginWithValidPassword_N" time="0.496"/>
  <system-out/>
</testsuite> <!-- testcases.TC01_Login -->
