<?xml version="1.0" encoding="UTF-8"?>
<!-- Generated by org.testng.reporters.JUnitReportReporter -->
<testsuite hostname="DESKTOP-H7Q0JRS" failures="0" tests="2" name="testcases.TC02_Products" time="8.679" errors="0" timestamp="2024-01-26T01:49:21 EET" skipped="0">
  <testcase classname="testcases.TC02_Products" name="AddRandomProductsToCart_P" time="4.499"/>
  <system-out/>
  <testcase classname="testcases.TC02_Products" name="AddProductsToCart_P" time="4.180"/>
  <system-out/>
</testsuite> <!-- testcases.TC02_Products -->
