<?xml version="1.0" encoding="UTF-8"?>
<!-- Generated by org.testng.reporters.JUnitReportReporter -->
<testsuite hostname="DESKTOP-H7Q0JRS" failures="0" tests="4" name="testcases.TC01_Login" time="2.989" errors="0" timestamp="2024-01-25T01:43:29 EET" skipped="0">
  <testcase classname="testcases.TC01_Login" name="loginWithInvalidData_N" time="0.400"/>
  <system-out/>
  <testcase classname="testcases.TC01_Login" name="loginWithValidData_P" time="1.724"/>
  <system-out/>
  <testcase classname="testcases.TC01_Login" name="loginWithValidEmail_N" time="0.425"/>
  <system-out/>
  <testcase classname="testcases.TC01_Login" name="loginWithValidPassword_N" time="0.440"/>
  <system-out/>
</testsuite> <!-- testcases.TC01_Login -->
